\BOOKMARK [0][-]{chapter.1}{\376\377\000B\000e\000l\000i\000e\000f\000\040\000F\000u\000n\000c\000t\000i\000o\000n\000s\000\040\000I\000m\000p\000l\000e\000m\000e\000n\000t\000a\000t\000i\000o\000n}{}% 1
\BOOKMARK [1][-]{section.1.1}{\376\377\000I\000n\000t\000r\000o\000d\000u\000c\000t\000i\000o\000n}{chapter.1}% 2
\BOOKMARK [1][-]{section.1.2}{\376\377\000C\000o\000m\000p\000i\000l\000a\000t\000i\000o\000n}{chapter.1}% 3
\BOOKMARK [1][-]{section.1.3}{\376\377\000M\000a\000i\000n\000\040\000R\000e\000f\000e\000r\000e\000n\000c\000e\000s}{chapter.1}% 4
\BOOKMARK [1][-]{section.1.4}{\376\377\000C\000o\000n\000t\000a\000c\000t}{chapter.1}% 5
\BOOKMARK [0][-]{chapter.2}{\376\377\000V\000e\000r\000s\000i\000o\000n\000\040\000n\000o\000t\000e\000s}{}% 6
\BOOKMARK [1][-]{section.2.1}{\376\377\000V\0000\000.\0002}{chapter.2}% 7
\BOOKMARK [1][-]{section.2.2}{\376\377\000V\0000\000.\0003}{chapter.2}% 8
\BOOKMARK [1][-]{section.2.3}{\376\377\000V\0000\000.\0003\000.\0001}{chapter.2}% 9
\BOOKMARK [1][-]{section.2.4}{\376\377\000V\0000\000.\0003\000.\0002}{chapter.2}% 10
\BOOKMARK [1][-]{section.2.5}{\376\377\000V\0000\000.\0004}{chapter.2}% 11
\BOOKMARK [1][-]{section.2.6}{\376\377\000V\0000\000.\0004\000.\0001}{chapter.2}% 12
\BOOKMARK [1][-]{section.2.7}{\376\377\000V\0000\000.\0004\000.\0002}{chapter.2}% 13
\BOOKMARK [1][-]{section.2.8}{\376\377\000V\0000\000.\0005}{chapter.2}% 14
\BOOKMARK [1][-]{section.2.9}{\376\377\000C\000o\000n\000t\000a\000c\000t}{chapter.2}% 15
\BOOKMARK [0][-]{chapter.3}{\376\377\000T\000O\000D\000O\000\040\000P\000a\000g\000e}{}% 16
\BOOKMARK [1][-]{section.3.1}{\376\377\000I\000n\000t\000r\000o\000d\000u\000c\000t\000i\000o\000n}{chapter.3}% 17
\BOOKMARK [1][-]{section.3.2}{\376\377\000T\000o\000d\000o\000\040\000l\000i\000s\000t}{chapter.3}% 18
\BOOKMARK [1][-]{section.3.3}{\376\377\000C\000o\000n\000t\000a\000c\000t}{chapter.3}% 19
\BOOKMARK [0][-]{chapter.4}{\376\377\000O\000r\000i\000g\000i\000n\000\040\000o\000f\000\040\000t\000h\000e\000\040\000n\000a\000m\000e}{}% 20
\BOOKMARK [1][-]{section.4.1}{\376\377\000C\000o\000n\000t\000a\000c\000t}{chapter.4}% 21
\BOOKMARK [0][-]{chapter.5}{\376\377\000D\000a\000t\000a\000\040\000S\000t\000r\000u\000c\000t\000u\000r\000e\000\040\000I\000n\000d\000e\000x}{}% 22
\BOOKMARK [1][-]{section.5.1}{\376\377\000D\000a\000t\000a\000\040\000S\000t\000r\000u\000c\000t\000u\000r\000e\000s}{chapter.5}% 23
\BOOKMARK [0][-]{chapter.6}{\376\377\000F\000i\000l\000e\000\040\000I\000n\000d\000e\000x}{}% 24
\BOOKMARK [1][-]{section.6.1}{\376\377\000F\000i\000l\000e\000\040\000L\000i\000s\000t}{chapter.6}% 25
\BOOKMARK [0][-]{chapter.7}{\376\377\000D\000a\000t\000a\000\040\000S\000t\000r\000u\000c\000t\000u\000r\000e\000\040\000D\000o\000c\000u\000m\000e\000n\000t\000a\000t\000i\000o\000n}{}% 26
\BOOKMARK [1][-]{section.7.1}{\376\377\000B\000F\000\137\000B\000e\000l\000i\000e\000f\000F\000u\000n\000c\000t\000i\000o\000n\000\040\000S\000t\000r\000u\000c\000t\000\040\000R\000e\000f\000e\000r\000e\000n\000c\000e}{chapter.7}% 27
\BOOKMARK [2][-]{subsection.7.1.1}{\376\377\000D\000e\000t\000a\000i\000l\000e\000d\000\040\000D\000e\000s\000c\000r\000i\000p\000t\000i\000o\000n}{section.7.1}% 28
\BOOKMARK [1][-]{section.7.2}{\376\377\000B\000F\000\137\000B\000e\000l\000i\000e\000f\000P\000o\000i\000n\000t\000\040\000S\000t\000r\000u\000c\000t\000\040\000R\000e\000f\000e\000r\000e\000n\000c\000e}{chapter.7}% 29
\BOOKMARK [2][-]{subsection.7.2.1}{\376\377\000D\000e\000t\000a\000i\000l\000e\000d\000\040\000D\000e\000s\000c\000r\000i\000p\000t\000i\000o\000n}{section.7.2}% 30
\BOOKMARK [1][-]{section.7.3}{\376\377\000B\000F\000B\000\137\000B\000e\000l\000i\000e\000f\000F\000r\000o\000m\000B\000e\000l\000i\000e\000f\000\040\000S\000t\000r\000u\000c\000t\000\040\000R\000e\000f\000e\000r\000e\000n\000c\000e}{chapter.7}% 31
\BOOKMARK [2][-]{subsection.7.3.1}{\376\377\000D\000e\000t\000a\000i\000l\000e\000d\000\040\000D\000e\000s\000c\000r\000i\000p\000t\000i\000o\000n}{section.7.3}% 32
\BOOKMARK [1][-]{section.7.4}{\376\377\000B\000F\000B\000\137\000B\000e\000l\000i\000e\000f\000S\000t\000r\000u\000c\000t\000u\000r\000e\000\040\000S\000t\000r\000u\000c\000t\000\040\000R\000e\000f\000e\000r\000e\000n\000c\000e}{chapter.7}% 33
\BOOKMARK [2][-]{subsection.7.4.1}{\376\377\000D\000e\000t\000a\000i\000l\000e\000d\000\040\000D\000e\000s\000c\000r\000i\000p\000t\000i\000o\000n}{section.7.4}% 34
\BOOKMARK [1][-]{section.7.5}{\376\377\000B\000F\000B\000\137\000B\000e\000l\000i\000e\000f\000V\000e\000c\000t\000o\000r\000\040\000S\000t\000r\000u\000c\000t\000\040\000R\000e\000f\000e\000r\000e\000n\000c\000e}{chapter.7}% 35
\BOOKMARK [2][-]{subsection.7.5.1}{\376\377\000D\000e\000t\000a\000i\000l\000e\000d\000\040\000D\000e\000s\000c\000r\000i\000p\000t\000i\000o\000n}{section.7.5}% 36
\BOOKMARK [1][-]{section.7.6}{\376\377\000B\000F\000S\000\137\000B\000e\000l\000i\000e\000f\000S\000t\000r\000u\000c\000t\000u\000r\000e\000\040\000S\000t\000r\000u\000c\000t\000\040\000R\000e\000f\000e\000r\000e\000n\000c\000e}{chapter.7}% 37
\BOOKMARK [2][-]{subsection.7.6.1}{\376\377\000D\000e\000t\000a\000i\000l\000e\000d\000\040\000D\000e\000s\000c\000r\000i\000p\000t\000i\000o\000n}{section.7.6}% 38
\BOOKMARK [1][-]{section.7.7}{\376\377\000B\000F\000S\000\137\000O\000p\000t\000i\000o\000n\000\040\000S\000t\000r\000u\000c\000t\000\040\000R\000e\000f\000e\000r\000e\000n\000c\000e}{chapter.7}% 39
\BOOKMARK [2][-]{subsection.7.7.1}{\376\377\000D\000e\000t\000a\000i\000l\000e\000d\000\040\000D\000e\000s\000c\000r\000i\000p\000t\000i\000o\000n}{section.7.7}% 40
\BOOKMARK [1][-]{section.7.8}{\376\377\000B\000F\000S\000\137\000P\000a\000r\000t\000O\000f\000B\000e\000l\000i\000e\000f\000\040\000S\000t\000r\000u\000c\000t\000\040\000R\000e\000f\000e\000r\000e\000n\000c\000e}{chapter.7}% 41
\BOOKMARK [2][-]{subsection.7.8.1}{\376\377\000D\000e\000t\000a\000i\000l\000e\000d\000\040\000D\000e\000s\000c\000r\000i\000p\000t\000i\000o\000n}{section.7.8}% 42
\BOOKMARK [1][-]{section.7.9}{\376\377\000B\000F\000S\000\137\000P\000o\000i\000n\000t\000\040\000S\000t\000r\000u\000c\000t\000\040\000R\000e\000f\000e\000r\000e\000n\000c\000e}{chapter.7}% 43
\BOOKMARK [2][-]{subsection.7.9.1}{\376\377\000D\000e\000t\000a\000i\000l\000e\000d\000\040\000D\000e\000s\000c\000r\000i\000p\000t\000i\000o\000n}{section.7.9}% 44
\BOOKMARK [1][-]{section.7.10}{\376\377\000B\000F\000S\000\137\000S\000e\000n\000s\000o\000r\000B\000e\000l\000i\000e\000f\000s\000\040\000S\000t\000r\000u\000c\000t\000\040\000R\000e\000f\000e\000r\000e\000n\000c\000e}{chapter.7}% 45
\BOOKMARK [2][-]{subsection.7.10.1}{\376\377\000D\000e\000t\000a\000i\000l\000e\000d\000\040\000D\000e\000s\000c\000r\000i\000p\000t\000i\000o\000n}{section.7.10}% 46
\BOOKMARK [1][-]{section.7.11}{\376\377\000B\000F\000S\000\137\000U\000t\000i\000l\000D\000a\000t\000a\000\040\000U\000n\000i\000o\000n\000\040\000R\000e\000f\000e\000r\000e\000n\000c\000e}{chapter.7}% 47
\BOOKMARK [2][-]{subsection.7.11.1}{\376\377\000D\000e\000t\000a\000i\000l\000e\000d\000\040\000D\000e\000s\000c\000r\000i\000p\000t\000i\000o\000n}{section.7.11}% 48
\BOOKMARK [1][-]{section.7.12}{\376\377\000S\000e\000t\000s\000\137\000E\000l\000e\000m\000e\000n\000t\000\040\000S\000t\000r\000u\000c\000t\000\040\000R\000e\000f\000e\000r\000e\000n\000c\000e}{chapter.7}% 49
\BOOKMARK [2][-]{subsection.7.12.1}{\376\377\000D\000e\000t\000a\000i\000l\000e\000d\000\040\000D\000e\000s\000c\000r\000i\000p\000t\000i\000o\000n}{section.7.12}% 50
\BOOKMARK [1][-]{section.7.13}{\376\377\000S\000e\000t\000s\000\137\000R\000e\000f\000e\000r\000e\000n\000c\000e\000L\000i\000s\000t\000\040\000S\000t\000r\000u\000c\000t\000\040\000R\000e\000f\000e\000r\000e\000n\000c\000e}{chapter.7}% 51
\BOOKMARK [2][-]{subsection.7.13.1}{\376\377\000D\000e\000t\000a\000i\000l\000e\000d\000\040\000D\000e\000s\000c\000r\000i\000p\000t\000i\000o\000n}{section.7.13}% 52
\BOOKMARK [1][-]{section.7.14}{\376\377\000S\000e\000t\000s\000\137\000S\000e\000t\000\040\000S\000t\000r\000u\000c\000t\000\040\000R\000e\000f\000e\000r\000e\000n\000c\000e}{chapter.7}% 53
\BOOKMARK [2][-]{subsection.7.14.1}{\376\377\000D\000e\000t\000a\000i\000l\000e\000d\000\040\000D\000e\000s\000c\000r\000i\000p\000t\000i\000o\000n}{section.7.14}% 54
\BOOKMARK [0][-]{chapter.8}{\376\377\000F\000i\000l\000e\000\040\000D\000o\000c\000u\000m\000e\000n\000t\000a\000t\000i\000o\000n}{}% 55
\BOOKMARK [1][-]{section.8.1}{\376\377\000B\000e\000l\000i\000e\000f\000F\000u\000n\000c\000t\000i\000o\000n\000s\000.\000c\000\040\000F\000i\000l\000e\000\040\000R\000e\000f\000e\000r\000e\000n\000c\000e}{chapter.8}% 56
\BOOKMARK [2][-]{subsection.8.1.1}{\376\377\000D\000e\000t\000a\000i\000l\000e\000d\000\040\000D\000e\000s\000c\000r\000i\000p\000t\000i\000o\000n}{section.8.1}% 57
\BOOKMARK [2][-]{subsection.8.1.2}{\376\377\000F\000u\000n\000c\000t\000i\000o\000n\000\040\000D\000o\000c\000u\000m\000e\000n\000t\000a\000t\000i\000o\000n}{section.8.1}% 58
\BOOKMARK [3][-]{subsubsection.8.1.2.1}{\376\377\000B\000F\000\137\000a\000u\000t\000o\000C\000o\000n\000f\000l\000i\000c\000t}{subsection.8.1.2}% 59
\BOOKMARK [3][-]{subsubsection.8.1.2.2}{\376\377\000B\000F\000\137\000a\000v\000e\000r\000a\000g\000e\000C\000o\000m\000b\000i\000n\000a\000t\000i\000o\000n}{subsection.8.1.2}% 60
\BOOKMARK [3][-]{subsubsection.8.1.2.3}{\376\377\000B\000F\000\137\000b\000e\000l}{subsection.8.1.2}% 61
\BOOKMARK [3][-]{subsubsection.8.1.2.4}{\376\377\000B\000F\000\137\000b\000e\000l\000i\000e\000f\000F\000u\000n\000c\000t\000i\000o\000n\000T\000o\000B\000i\000t\000S\000t\000r\000i\000n\000g}{subsection.8.1.2}% 62
\BOOKMARK [3][-]{subsubsection.8.1.2.5}{\376\377\000B\000F\000\137\000b\000e\000l\000i\000e\000f\000F\000u\000n\000c\000t\000i\000o\000n\000T\000o\000S\000t\000r\000i\000n\000g}{subsection.8.1.2}% 63
\BOOKMARK [3][-]{subsubsection.8.1.2.6}{\376\377\000B\000F\000\137\000b\000e\000t\000P}{subsection.8.1.2}% 64
\BOOKMARK [3][-]{subsubsection.8.1.2.7}{\376\377\000B\000F\000\137\000c\000h\000e\000c\000k\000S\000u\000m}{subsection.8.1.2}% 65
\BOOKMARK [3][-]{subsubsection.8.1.2.8}{\376\377\000B\000F\000\137\000c\000h\000e\000c\000k\000V\000a\000l\000u\000e\000s}{subsection.8.1.2}% 66
\BOOKMARK [3][-]{subsubsection.8.1.2.9}{\376\377\000B\000F\000\137\000c\000l\000e\000a\000n\000B\000e\000l\000i\000e\000f\000F\000u\000n\000c\000t\000i\000o\000n}{subsection.8.1.2}% 67
\BOOKMARK [3][-]{subsubsection.8.1.2.10}{\376\377\000B\000F\000\137\000c\000o\000m\000b\000i\000n\000a\000t\000i\000o\000n}{subsection.8.1.2}% 68
\BOOKMARK [3][-]{subsubsection.8.1.2.11}{\376\377\000B\000F\000\137\000c\000o\000n\000d\000i\000t\000i\000o\000n\000i\000n\000g}{subsection.8.1.2}% 69
\BOOKMARK [3][-]{subsubsection.8.1.2.12}{\376\377\000B\000F\000\137\000c\000o\000p\000y\000B\000e\000l\000i\000e\000f\000F\000u\000n\000c\000t\000i\000o\000n}{subsection.8.1.2}% 70
\BOOKMARK [3][-]{subsubsection.8.1.2.13}{\376\377\000B\000F\000\137\000D\000e\000m\000p\000s\000t\000e\000r\000C\000o\000m\000b\000i\000n\000a\000t\000i\000o\000n}{subsection.8.1.2}% 71
\BOOKMARK [3][-]{subsubsection.8.1.2.14}{\376\377\000B\000F\000\137\000d\000i\000f\000f\000e\000r\000e\000n\000c\000e}{subsection.8.1.2}% 72
\BOOKMARK [3][-]{subsubsection.8.1.2.15}{\376\377\000B\000F\000\137\000d\000i\000s\000c\000o\000u\000n\000t\000i\000n\000g}{subsection.8.1.2}% 73
\BOOKMARK [3][-]{subsubsection.8.1.2.16}{\376\377\000B\000F\000\137\000d\000i\000s\000c\000r\000e\000p\000a\000n\000c\000y}{subsection.8.1.2}% 74
\BOOKMARK [3][-]{subsubsection.8.1.2.17}{\376\377\000B\000F\000\137\000d\000i\000s\000t\000a\000n\000c\000e}{subsection.8.1.2}% 75
\BOOKMARK [3][-]{subsubsection.8.1.2.18}{\376\377\000B\000F\000\137\000D\000u\000b\000o\000i\000s\000P\000r\000a\000d\000e\000C\000o\000m\000b\000i\000n\000a\000t\000i\000o\000n}{subsection.8.1.2}% 76
\BOOKMARK [3][-]{subsubsection.8.1.2.19}{\376\377\000B\000F\000\137\000f\000r\000e\000e\000B\000e\000l\000i\000e\000f\000F\000u\000n\000c\000t\000i\000o\000n}{subsection.8.1.2}% 77
\BOOKMARK [3][-]{subsubsection.8.1.2.20}{\376\377\000B\000F\000\137\000f\000r\000e\000e\000B\000e\000l\000i\000e\000f\000P\000o\000i\000n\000t}{subsection.8.1.2}% 78
\BOOKMARK [3][-]{subsubsection.8.1.2.21}{\376\377\000B\000F\000\137\000f\000u\000l\000l\000A\000v\000e\000r\000a\000g\000e\000C\000o\000m\000b\000i\000n\000a\000t\000i\000o\000n}{subsection.8.1.2}% 79
\BOOKMARK [3][-]{subsubsection.8.1.2.22}{\376\377\000B\000F\000\137\000f\000u\000l\000l\000C\000h\000e\000n\000C\000o\000m\000b\000i\000n\000a\000t\000i\000o\000n}{subsection.8.1.2}% 80
\BOOKMARK [3][-]{subsubsection.8.1.2.23}{\376\377\000B\000F\000\137\000f\000u\000l\000l\000C\000o\000m\000b\000i\000n\000a\000t\000i\000o\000n}{subsection.8.1.2}% 81
\BOOKMARK [3][-]{subsubsection.8.1.2.24}{\376\377\000B\000F\000\137\000f\000u\000l\000l\000D\000e\000m\000p\000s\000t\000e\000r\000C\000o\000m\000b\000i\000n\000a\000t\000i\000o\000n}{subsection.8.1.2}% 82
\BOOKMARK [3][-]{subsubsection.8.1.2.25}{\376\377\000B\000F\000\137\000f\000u\000l\000l\000D\000u\000b\000o\000i\000s\000P\000r\000a\000d\000e\000C\000o\000m\000b\000i\000n\000a\000t\000i\000o\000n}{subsection.8.1.2}% 83
\BOOKMARK [3][-]{subsubsection.8.1.2.26}{\376\377\000B\000F\000\137\000f\000u\000l\000l\000M\000u\000r\000p\000h\000y\000C\000o\000m\000b\000i\000n\000a\000t\000i\000o\000n}{subsection.8.1.2}% 84
\BOOKMARK [3][-]{subsubsection.8.1.2.27}{\376\377\000B\000F\000\137\000f\000u\000l\000l\000S\000m\000e\000t\000s\000C\000o\000m\000b\000i\000n\000a\000t\000i\000o\000n}{subsection.8.1.2}% 85
\BOOKMARK [3][-]{subsubsection.8.1.2.28}{\376\377\000B\000F\000\137\000f\000u\000l\000l\000Y\000a\000g\000e\000r\000C\000o\000m\000b\000i\000n\000a\000t\000i\000o\000n}{subsection.8.1.2}% 86
\BOOKMARK [3][-]{subsubsection.8.1.2.29}{\376\377\000B\000F\000\137\000g\000e\000t\000L\000i\000s\000t\000M\000a\000x\000B\000e\000l}{subsection.8.1.2}% 87
\BOOKMARK [3][-]{subsubsection.8.1.2.30}{\376\377\000B\000F\000\137\000g\000e\000t\000L\000i\000s\000t\000M\000a\000x\000B\000e\000t\000P}{subsection.8.1.2}% 88
\BOOKMARK [3][-]{subsubsection.8.1.2.31}{\376\377\000B\000F\000\137\000g\000e\000t\000L\000i\000s\000t\000M\000a\000x\000M\000a\000s\000s}{subsection.8.1.2}% 89
\BOOKMARK [3][-]{subsubsection.8.1.2.32}{\376\377\000B\000F\000\137\000g\000e\000t\000L\000i\000s\000t\000M\000a\000x\000P\000l}{subsection.8.1.2}% 90
\BOOKMARK [3][-]{subsubsection.8.1.2.33}{\376\377\000B\000F\000\137\000g\000e\000t\000L\000i\000s\000t\000M\000i\000n\000B\000e\000l}{subsection.8.1.2}% 91
\BOOKMARK [3][-]{subsubsection.8.1.2.34}{\376\377\000B\000F\000\137\000g\000e\000t\000L\000i\000s\000t\000M\000i\000n\000B\000e\000t\000P}{subsection.8.1.2}% 92
\BOOKMARK [3][-]{subsubsection.8.1.2.35}{\376\377\000B\000F\000\137\000g\000e\000t\000L\000i\000s\000t\000M\000i\000n\000M\000a\000s\000s}{subsection.8.1.2}% 93
\BOOKMARK [3][-]{subsubsection.8.1.2.36}{\376\377\000B\000F\000\137\000g\000e\000t\000L\000i\000s\000t\000M\000i\000n\000P\000l}{subsection.8.1.2}% 94
\BOOKMARK [3][-]{subsubsection.8.1.2.37}{\376\377\000B\000F\000\137\000g\000e\000t\000M\000a\000x\000B\000e\000l}{subsection.8.1.2}% 95
\BOOKMARK [3][-]{subsubsection.8.1.2.38}{\376\377\000B\000F\000\137\000g\000e\000t\000M\000a\000x\000B\000e\000t\000P}{subsection.8.1.2}% 96
\BOOKMARK [3][-]{subsubsection.8.1.2.39}{\376\377\000B\000F\000\137\000g\000e\000t\000M\000a\000x\000M\000a\000s\000s}{subsection.8.1.2}% 97
\BOOKMARK [3][-]{subsubsection.8.1.2.40}{\376\377\000B\000F\000\137\000g\000e\000t\000M\000a\000x\000P\000l}{subsection.8.1.2}% 98
\BOOKMARK [3][-]{subsubsection.8.1.2.41}{\376\377\000B\000F\000\137\000g\000e\000t\000M\000i\000n\000B\000e\000l}{subsection.8.1.2}% 99
\BOOKMARK [3][-]{subsubsection.8.1.2.42}{\376\377\000B\000F\000\137\000g\000e\000t\000M\000i\000n\000B\000e\000t\000P}{subsection.8.1.2}% 100
\BOOKMARK [3][-]{subsubsection.8.1.2.43}{\376\377\000B\000F\000\137\000g\000e\000t\000M\000i\000n\000M\000a\000s\000s}{subsection.8.1.2}% 101
\BOOKMARK [3][-]{subsubsection.8.1.2.44}{\376\377\000B\000F\000\137\000g\000e\000t\000M\000i\000n\000P\000l}{subsection.8.1.2}% 102
\BOOKMARK [3][-]{subsubsection.8.1.2.45}{\376\377\000B\000F\000\137\000g\000e\000t\000N\000b\000M\000a\000x\000B\000e\000l}{subsection.8.1.2}% 103
\BOOKMARK [3][-]{subsubsection.8.1.2.46}{\376\377\000B\000F\000\137\000g\000e\000t\000N\000b\000M\000a\000x\000B\000e\000t\000P}{subsection.8.1.2}% 104
\BOOKMARK [3][-]{subsubsection.8.1.2.47}{\376\377\000B\000F\000\137\000g\000e\000t\000N\000b\000M\000a\000x\000M\000a\000s\000s}{subsection.8.1.2}% 105
\BOOKMARK [3][-]{subsubsection.8.1.2.48}{\376\377\000B\000F\000\137\000g\000e\000t\000N\000b\000M\000a\000x\000P\000l}{subsection.8.1.2}% 106
\BOOKMARK [3][-]{subsubsection.8.1.2.49}{\376\377\000B\000F\000\137\000g\000e\000t\000N\000b\000M\000i\000n\000B\000e\000l}{subsection.8.1.2}% 107
\BOOKMARK [3][-]{subsubsection.8.1.2.50}{\376\377\000B\000F\000\137\000g\000e\000t\000N\000b\000M\000i\000n\000B\000e\000t\000P}{subsection.8.1.2}% 108
\BOOKMARK [3][-]{subsubsection.8.1.2.51}{\376\377\000B\000F\000\137\000g\000e\000t\000N\000b\000M\000i\000n\000M\000a\000s\000s}{subsection.8.1.2}% 109
\BOOKMARK [3][-]{subsubsection.8.1.2.52}{\376\377\000B\000F\000\137\000g\000e\000t\000N\000b\000M\000i\000n\000P\000l}{subsection.8.1.2}% 110
\BOOKMARK [3][-]{subsubsection.8.1.2.53}{\376\377\000B\000F\000\137\000g\000e\000t\000Q\000u\000i\000c\000k\000e\000r\000L\000i\000s\000t\000M\000a\000x\000B\000e\000l}{subsection.8.1.2}% 111
\BOOKMARK [3][-]{subsubsection.8.1.2.54}{\376\377\000B\000F\000\137\000g\000e\000t\000Q\000u\000i\000c\000k\000e\000r\000L\000i\000s\000t\000M\000a\000x\000B\000e\000t\000P}{subsection.8.1.2}% 112
\BOOKMARK [3][-]{subsubsection.8.1.2.55}{\376\377\000B\000F\000\137\000g\000e\000t\000Q\000u\000i\000c\000k\000e\000r\000L\000i\000s\000t\000M\000a\000x\000M\000a\000s\000s}{subsection.8.1.2}% 113
\BOOKMARK [3][-]{subsubsection.8.1.2.56}{\376\377\000B\000F\000\137\000g\000e\000t\000Q\000u\000i\000c\000k\000e\000r\000L\000i\000s\000t\000M\000a\000x\000P\000l}{subsection.8.1.2}% 114
\BOOKMARK [3][-]{subsubsection.8.1.2.57}{\376\377\000B\000F\000\137\000g\000e\000t\000Q\000u\000i\000c\000k\000e\000r\000L\000i\000s\000t\000M\000i\000n\000B\000e\000l}{subsection.8.1.2}% 115
\BOOKMARK [3][-]{subsubsection.8.1.2.58}{\376\377\000B\000F\000\137\000g\000e\000t\000Q\000u\000i\000c\000k\000e\000r\000L\000i\000s\000t\000M\000i\000n\000B\000e\000t\000P}{subsection.8.1.2}% 116
\BOOKMARK [3][-]{subsubsection.8.1.2.59}{\376\377\000B\000F\000\137\000g\000e\000t\000Q\000u\000i\000c\000k\000e\000r\000L\000i\000s\000t\000M\000i\000n\000M\000a\000s\000s}{subsection.8.1.2}% 117
\BOOKMARK [3][-]{subsubsection.8.1.2.60}{\376\377\000B\000F\000\137\000g\000e\000t\000Q\000u\000i\000c\000k\000e\000r\000L\000i\000s\000t\000M\000i\000n\000P\000l}{subsection.8.1.2}% 118
\BOOKMARK [3][-]{subsubsection.8.1.2.61}{\376\377\000B\000F\000\137\000g\000e\000t\000Q\000u\000i\000c\000k\000L\000i\000s\000t\000M\000a\000x\000B\000e\000l}{subsection.8.1.2}% 119
\BOOKMARK [3][-]{subsubsection.8.1.2.62}{\376\377\000B\000F\000\137\000g\000e\000t\000Q\000u\000i\000c\000k\000L\000i\000s\000t\000M\000a\000x\000B\000e\000t\000P}{subsection.8.1.2}% 120
\BOOKMARK [3][-]{subsubsection.8.1.2.63}{\376\377\000B\000F\000\137\000g\000e\000t\000Q\000u\000i\000c\000k\000L\000i\000s\000t\000M\000a\000x\000M\000a\000s\000s}{subsection.8.1.2}% 121
\BOOKMARK [3][-]{subsubsection.8.1.2.64}{\376\377\000B\000F\000\137\000g\000e\000t\000Q\000u\000i\000c\000k\000L\000i\000s\000t\000M\000a\000x\000P\000l}{subsection.8.1.2}% 122
\BOOKMARK [3][-]{subsubsection.8.1.2.65}{\376\377\000B\000F\000\137\000g\000e\000t\000Q\000u\000i\000c\000k\000L\000i\000s\000t\000M\000i\000n\000B\000e\000l}{subsection.8.1.2}% 123
\BOOKMARK [3][-]{subsubsection.8.1.2.66}{\376\377\000B\000F\000\137\000g\000e\000t\000Q\000u\000i\000c\000k\000L\000i\000s\000t\000M\000i\000n\000B\000e\000t\000P}{subsection.8.1.2}% 124
\BOOKMARK [3][-]{subsubsection.8.1.2.67}{\376\377\000B\000F\000\137\000g\000e\000t\000Q\000u\000i\000c\000k\000L\000i\000s\000t\000M\000i\000n\000M\000a\000s\000s}{subsection.8.1.2}% 125
\BOOKMARK [3][-]{subsubsection.8.1.2.68}{\376\377\000B\000F\000\137\000g\000e\000t\000Q\000u\000i\000c\000k\000L\000i\000s\000t\000M\000i\000n\000P\000l}{subsection.8.1.2}% 126
\BOOKMARK [3][-]{subsubsection.8.1.2.69}{\376\377\000B\000F\000\137\000g\000e\000t\000Q\000u\000i\000c\000k\000N\000b\000M\000a\000x\000B\000e\000l}{subsection.8.1.2}% 127
\BOOKMARK [3][-]{subsubsection.8.1.2.70}{\376\377\000B\000F\000\137\000g\000e\000t\000Q\000u\000i\000c\000k\000N\000b\000M\000a\000x\000B\000e\000t\000P}{subsection.8.1.2}% 128
\BOOKMARK [3][-]{subsubsection.8.1.2.71}{\376\377\000B\000F\000\137\000g\000e\000t\000Q\000u\000i\000c\000k\000N\000b\000M\000a\000x\000M\000a\000s\000s}{subsection.8.1.2}% 129
\BOOKMARK [3][-]{subsubsection.8.1.2.72}{\376\377\000B\000F\000\137\000g\000e\000t\000Q\000u\000i\000c\000k\000N\000b\000M\000a\000x\000P\000l}{subsection.8.1.2}% 130
\BOOKMARK [3][-]{subsubsection.8.1.2.73}{\376\377\000B\000F\000\137\000g\000e\000t\000Q\000u\000i\000c\000k\000N\000b\000M\000i\000n\000B\000e\000l}{subsection.8.1.2}% 131
\BOOKMARK [3][-]{subsubsection.8.1.2.74}{\376\377\000B\000F\000\137\000g\000e\000t\000Q\000u\000i\000c\000k\000N\000b\000M\000i\000n\000B\000e\000t\000P}{subsection.8.1.2}% 132
\BOOKMARK [3][-]{subsubsection.8.1.2.75}{\376\377\000B\000F\000\137\000g\000e\000t\000Q\000u\000i\000c\000k\000N\000b\000M\000i\000n\000M\000a\000s\000s}{subsection.8.1.2}% 133
\BOOKMARK [3][-]{subsubsection.8.1.2.76}{\376\377\000B\000F\000\137\000g\000e\000t\000Q\000u\000i\000c\000k\000N\000b\000M\000i\000n\000P\000l}{subsection.8.1.2}% 134
\BOOKMARK [3][-]{subsubsection.8.1.2.77}{\376\377\000B\000F\000\137\000g\000e\000t\000V\000a\000c\000u\000o\000u\000s\000B\000e\000l\000i\000e\000f\000F\000u\000n\000c\000t\000i\000o\000n}{subsection.8.1.2}% 135
\BOOKMARK [3][-]{subsubsection.8.1.2.78}{\376\377\000B\000F\000\137\000g\000l\000o\000b\000a\000l\000D\000i\000s\000t\000a\000n\000c\000e}{subsection.8.1.2}% 136
\BOOKMARK [3][-]{subsubsection.8.1.2.79}{\376\377\000B\000F\000\137\000M}{subsection.8.1.2}% 137
\BOOKMARK [3][-]{subsubsection.8.1.2.80}{\376\377\000B\000F\000\137\000M\000u\000r\000p\000h\000y\000C\000o\000m\000b\000i\000n\000a\000t\000i\000o\000n}{subsection.8.1.2}% 138
\BOOKMARK [3][-]{subsubsection.8.1.2.81}{\376\377\000B\000F\000\137\000n\000o\000n\000S\000p\000e\000c\000i\000f\000i\000c\000i\000t\000y}{subsection.8.1.2}% 139
\BOOKMARK [3][-]{subsubsection.8.1.2.82}{\376\377\000B\000F\000\137\000p\000l}{subsection.8.1.2}% 140
\BOOKMARK [3][-]{subsubsection.8.1.2.83}{\376\377\000B\000F\000\137\000q}{subsection.8.1.2}% 141
\BOOKMARK [3][-]{subsubsection.8.1.2.84}{\376\377\000B\000F\000\137\000s\000i\000m\000i\000l\000a\000r\000i\000t\000y}{subsection.8.1.2}% 142
\BOOKMARK [3][-]{subsubsection.8.1.2.85}{\376\377\000B\000F\000\137\000S\000m\000e\000t\000s\000C\000o\000m\000b\000i\000n\000a\000t\000i\000o\000n}{subsection.8.1.2}% 143
\BOOKMARK [3][-]{subsubsection.8.1.2.86}{\376\377\000B\000F\000\137\000s\000p\000e\000c\000i\000f\000i\000c\000i\000t\000y}{subsection.8.1.2}% 144
\BOOKMARK [3][-]{subsubsection.8.1.2.87}{\376\377\000B\000F\000\137\000s\000u\000p\000p\000o\000r\000t}{subsection.8.1.2}% 145
\BOOKMARK [3][-]{subsubsection.8.1.2.88}{\376\377\000B\000F\000\137\000w\000e\000a\000k\000e\000n\000i\000n\000g}{subsection.8.1.2}% 146
\BOOKMARK [3][-]{subsubsection.8.1.2.89}{\376\377\000B\000F\000\137\000Y\000a\000g\000e\000r\000C\000o\000m\000b\000i\000n\000a\000t\000i\000o\000n}{subsection.8.1.2}% 147
\BOOKMARK [1][-]{section.8.2}{\376\377\000B\000e\000l\000i\000e\000f\000F\000u\000n\000c\000t\000i\000o\000n\000s\000.\000h\000\040\000F\000i\000l\000e\000\040\000R\000e\000f\000e\000r\000e\000n\000c\000e}{chapter.8}% 148
\BOOKMARK [2][-]{subsection.8.2.1}{\376\377\000D\000e\000t\000a\000i\000l\000e\000d\000\040\000D\000e\000s\000c\000r\000i\000p\000t\000i\000o\000n}{section.8.2}% 149
\BOOKMARK [2][-]{subsection.8.2.2}{\376\377\000E\000n\000u\000m\000e\000r\000a\000t\000i\000o\000n\000\040\000T\000y\000p\000e\000\040\000D\000o\000c\000u\000m\000e\000n\000t\000a\000t\000i\000o\000n}{section.8.2}% 150
\BOOKMARK [3][-]{subsubsection.8.2.2.1}{\376\377\000B\000F\000\137\000C\000o\000m\000b\000i\000n\000a\000t\000i\000o\000n\000R\000u\000l\000e}{subsection.8.2.2}% 151
\BOOKMARK [2][-]{subsection.8.2.3}{\376\377\000F\000u\000n\000c\000t\000i\000o\000n\000\040\000D\000o\000c\000u\000m\000e\000n\000t\000a\000t\000i\000o\000n}{section.8.2}% 152
\BOOKMARK [3][-]{subsubsection.8.2.3.1}{\376\377\000B\000F\000\137\000a\000u\000t\000o\000C\000o\000n\000f\000l\000i\000c\000t}{subsection.8.2.3}% 153
\BOOKMARK [3][-]{subsubsection.8.2.3.2}{\376\377\000B\000F\000\137\000a\000v\000e\000r\000a\000g\000e\000C\000o\000m\000b\000i\000n\000a\000t\000i\000o\000n}{subsection.8.2.3}% 154
\BOOKMARK [3][-]{subsubsection.8.2.3.3}{\376\377\000B\000F\000\137\000b\000e\000l}{subsection.8.2.3}% 155
\BOOKMARK [3][-]{subsubsection.8.2.3.4}{\376\377\000B\000F\000\137\000b\000e\000l\000i\000e\000f\000F\000u\000n\000c\000t\000i\000o\000n\000T\000o\000B\000i\000t\000S\000t\000r\000i\000n\000g}{subsection.8.2.3}% 156
\BOOKMARK [3][-]{subsubsection.8.2.3.5}{\376\377\000B\000F\000\137\000b\000e\000l\000i\000e\000f\000F\000u\000n\000c\000t\000i\000o\000n\000T\000o\000S\000t\000r\000i\000n\000g}{subsection.8.2.3}% 157
\BOOKMARK [3][-]{subsubsection.8.2.3.6}{\376\377\000B\000F\000\137\000b\000e\000t\000P}{subsection.8.2.3}% 158
\BOOKMARK [3][-]{subsubsection.8.2.3.7}{\376\377\000B\000F\000\137\000c\000h\000e\000c\000k\000S\000u\000m}{subsection.8.2.3}% 159
\BOOKMARK [3][-]{subsubsection.8.2.3.8}{\376\377\000B\000F\000\137\000c\000h\000e\000c\000k\000V\000a\000l\000u\000e\000s}{subsection.8.2.3}% 160
\BOOKMARK [3][-]{subsubsection.8.2.3.9}{\376\377\000B\000F\000\137\000c\000l\000e\000a\000n\000B\000e\000l\000i\000e\000f\000F\000u\000n\000c\000t\000i\000o\000n}{subsection.8.2.3}% 161
\BOOKMARK [3][-]{subsubsection.8.2.3.10}{\376\377\000B\000F\000\137\000c\000o\000m\000b\000i\000n\000a\000t\000i\000o\000n}{subsection.8.2.3}% 162
\BOOKMARK [3][-]{subsubsection.8.2.3.11}{\376\377\000B\000F\000\137\000c\000o\000n\000d\000i\000t\000i\000o\000n\000i\000n\000g}{subsection.8.2.3}% 163
\BOOKMARK [3][-]{subsubsection.8.2.3.12}{\376\377\000B\000F\000\137\000c\000o\000p\000y\000B\000e\000l\000i\000e\000f\000F\000u\000n\000c\000t\000i\000o\000n}{subsection.8.2.3}% 164
\BOOKMARK [3][-]{subsubsection.8.2.3.13}{\376\377\000B\000F\000\137\000D\000e\000m\000p\000s\000t\000e\000r\000C\000o\000m\000b\000i\000n\000a\000t\000i\000o\000n}{subsection.8.2.3}% 165
\BOOKMARK [3][-]{subsubsection.8.2.3.14}{\376\377\000B\000F\000\137\000d\000i\000f\000f\000e\000r\000e\000n\000c\000e}{subsection.8.2.3}% 166
\BOOKMARK [3][-]{subsubsection.8.2.3.15}{\376\377\000B\000F\000\137\000d\000i\000s\000c\000o\000u\000n\000t\000i\000n\000g}{subsection.8.2.3}% 167
\BOOKMARK [3][-]{subsubsection.8.2.3.16}{\376\377\000B\000F\000\137\000d\000i\000s\000c\000r\000e\000p\000a\000n\000c\000y}{subsection.8.2.3}% 168
\BOOKMARK [3][-]{subsubsection.8.2.3.17}{\376\377\000B\000F\000\137\000d\000i\000s\000t\000a\000n\000c\000e}{subsection.8.2.3}% 169
\BOOKMARK [3][-]{subsubsection.8.2.3.18}{\376\377\000B\000F\000\137\000D\000u\000b\000o\000i\000s\000P\000r\000a\000d\000e\000C\000o\000m\000b\000i\000n\000a\000t\000i\000o\000n}{subsection.8.2.3}% 170
\BOOKMARK [3][-]{subsubsection.8.2.3.19}{\376\377\000B\000F\000\137\000f\000r\000e\000e\000B\000e\000l\000i\000e\000f\000F\000u\000n\000c\000t\000i\000o\000n}{subsection.8.2.3}% 171
\BOOKMARK [3][-]{subsubsection.8.2.3.20}{\376\377\000B\000F\000\137\000f\000r\000e\000e\000B\000e\000l\000i\000e\000f\000P\000o\000i\000n\000t}{subsection.8.2.3}% 172
\BOOKMARK [3][-]{subsubsection.8.2.3.21}{\376\377\000B\000F\000\137\000f\000u\000l\000l\000A\000v\000e\000r\000a\000g\000e\000C\000o\000m\000b\000i\000n\000a\000t\000i\000o\000n}{subsection.8.2.3}% 173
\BOOKMARK [3][-]{subsubsection.8.2.3.22}{\376\377\000B\000F\000\137\000f\000u\000l\000l\000C\000h\000e\000n\000C\000o\000m\000b\000i\000n\000a\000t\000i\000o\000n}{subsection.8.2.3}% 174
\BOOKMARK [3][-]{subsubsection.8.2.3.23}{\376\377\000B\000F\000\137\000f\000u\000l\000l\000C\000o\000m\000b\000i\000n\000a\000t\000i\000o\000n}{subsection.8.2.3}% 175
\BOOKMARK [3][-]{subsubsection.8.2.3.24}{\376\377\000B\000F\000\137\000f\000u\000l\000l\000D\000e\000m\000p\000s\000t\000e\000r\000C\000o\000m\000b\000i\000n\000a\000t\000i\000o\000n}{subsection.8.2.3}% 176
\BOOKMARK [3][-]{subsubsection.8.2.3.25}{\376\377\000B\000F\000\137\000f\000u\000l\000l\000D\000u\000b\000o\000i\000s\000P\000r\000a\000d\000e\000C\000o\000m\000b\000i\000n\000a\000t\000i\000o\000n}{subsection.8.2.3}% 177
\BOOKMARK [3][-]{subsubsection.8.2.3.26}{\376\377\000B\000F\000\137\000f\000u\000l\000l\000M\000u\000r\000p\000h\000y\000C\000o\000m\000b\000i\000n\000a\000t\000i\000o\000n}{subsection.8.2.3}% 178
\BOOKMARK [3][-]{subsubsection.8.2.3.27}{\376\377\000B\000F\000\137\000f\000u\000l\000l\000S\000m\000e\000t\000s\000C\000o\000m\000b\000i\000n\000a\000t\000i\000o\000n}{subsection.8.2.3}% 179
\BOOKMARK [3][-]{subsubsection.8.2.3.28}{\376\377\000B\000F\000\137\000f\000u\000l\000l\000Y\000a\000g\000e\000r\000C\000o\000m\000b\000i\000n\000a\000t\000i\000o\000n}{subsection.8.2.3}% 180
\BOOKMARK [3][-]{subsubsection.8.2.3.29}{\376\377\000B\000F\000\137\000g\000e\000t\000L\000i\000s\000t\000M\000a\000x\000B\000e\000l}{subsection.8.2.3}% 181
\BOOKMARK [3][-]{subsubsection.8.2.3.30}{\376\377\000B\000F\000\137\000g\000e\000t\000L\000i\000s\000t\000M\000a\000x\000B\000e\000t\000P}{subsection.8.2.3}% 182
\BOOKMARK [3][-]{subsubsection.8.2.3.31}{\376\377\000B\000F\000\137\000g\000e\000t\000L\000i\000s\000t\000M\000a\000x\000M\000a\000s\000s}{subsection.8.2.3}% 183
\BOOKMARK [3][-]{subsubsection.8.2.3.32}{\376\377\000B\000F\000\137\000g\000e\000t\000L\000i\000s\000t\000M\000a\000x\000P\000l}{subsection.8.2.3}% 184
\BOOKMARK [3][-]{subsubsection.8.2.3.33}{\376\377\000B\000F\000\137\000g\000e\000t\000L\000i\000s\000t\000M\000i\000n\000B\000e\000l}{subsection.8.2.3}% 185
\BOOKMARK [3][-]{subsubsection.8.2.3.34}{\376\377\000B\000F\000\137\000g\000e\000t\000L\000i\000s\000t\000M\000i\000n\000B\000e\000t\000P}{subsection.8.2.3}% 186
\BOOKMARK [3][-]{subsubsection.8.2.3.35}{\376\377\000B\000F\000\137\000g\000e\000t\000L\000i\000s\000t\000M\000i\000n\000M\000a\000s\000s}{subsection.8.2.3}% 187
\BOOKMARK [3][-]{subsubsection.8.2.3.36}{\376\377\000B\000F\000\137\000g\000e\000t\000L\000i\000s\000t\000M\000i\000n\000P\000l}{subsection.8.2.3}% 188
\BOOKMARK [3][-]{subsubsection.8.2.3.37}{\376\377\000B\000F\000\137\000g\000e\000t\000M\000a\000x\000B\000e\000l}{subsection.8.2.3}% 189
\BOOKMARK [3][-]{subsubsection.8.2.3.38}{\376\377\000B\000F\000\137\000g\000e\000t\000M\000a\000x\000B\000e\000t\000P}{subsection.8.2.3}% 190
\BOOKMARK [3][-]{subsubsection.8.2.3.39}{\376\377\000B\000F\000\137\000g\000e\000t\000M\000a\000x\000M\000a\000s\000s}{subsection.8.2.3}% 191
\BOOKMARK [3][-]{subsubsection.8.2.3.40}{\376\377\000B\000F\000\137\000g\000e\000t\000M\000a\000x\000P\000l}{subsection.8.2.3}% 192
\BOOKMARK [3][-]{subsubsection.8.2.3.41}{\376\377\000B\000F\000\137\000g\000e\000t\000M\000i\000n\000B\000e\000l}{subsection.8.2.3}% 193
\BOOKMARK [3][-]{subsubsection.8.2.3.42}{\376\377\000B\000F\000\137\000g\000e\000t\000M\000i\000n\000B\000e\000t\000P}{subsection.8.2.3}% 194
\BOOKMARK [3][-]{subsubsection.8.2.3.43}{\376\377\000B\000F\000\137\000g\000e\000t\000M\000i\000n\000M\000a\000s\000s}{subsection.8.2.3}% 195
\BOOKMARK [3][-]{subsubsection.8.2.3.44}{\376\377\000B\000F\000\137\000g\000e\000t\000M\000i\000n\000P\000l}{subsection.8.2.3}% 196
\BOOKMARK [3][-]{subsubsection.8.2.3.45}{\376\377\000B\000F\000\137\000g\000e\000t\000N\000b\000M\000a\000x\000B\000e\000l}{subsection.8.2.3}% 197
\BOOKMARK [3][-]{subsubsection.8.2.3.46}{\376\377\000B\000F\000\137\000g\000e\000t\000N\000b\000M\000a\000x\000B\000e\000t\000P}{subsection.8.2.3}% 198
\BOOKMARK [3][-]{subsubsection.8.2.3.47}{\376\377\000B\000F\000\137\000g\000e\000t\000N\000b\000M\000a\000x\000M\000a\000s\000s}{subsection.8.2.3}% 199
\BOOKMARK [3][-]{subsubsection.8.2.3.48}{\376\377\000B\000F\000\137\000g\000e\000t\000N\000b\000M\000a\000x\000P\000l}{subsection.8.2.3}% 200
\BOOKMARK [3][-]{subsubsection.8.2.3.49}{\376\377\000B\000F\000\137\000g\000e\000t\000N\000b\000M\000i\000n\000B\000e\000l}{subsection.8.2.3}% 201
\BOOKMARK [3][-]{subsubsection.8.2.3.50}{\376\377\000B\000F\000\137\000g\000e\000t\000N\000b\000M\000i\000n\000B\000e\000t\000P}{subsection.8.2.3}% 202
\BOOKMARK [3][-]{subsubsection.8.2.3.51}{\376\377\000B\000F\000\137\000g\000e\000t\000N\000b\000M\000i\000n\000M\000a\000s\000s}{subsection.8.2.3}% 203
\BOOKMARK [3][-]{subsubsection.8.2.3.52}{\376\377\000B\000F\000\137\000g\000e\000t\000N\000b\000M\000i\000n\000P\000l}{subsection.8.2.3}% 204
\BOOKMARK [3][-]{subsubsection.8.2.3.53}{\376\377\000B\000F\000\137\000g\000e\000t\000Q\000u\000i\000c\000k\000e\000r\000L\000i\000s\000t\000M\000a\000x\000B\000e\000l}{subsection.8.2.3}% 205
\BOOKMARK [3][-]{subsubsection.8.2.3.54}{\376\377\000B\000F\000\137\000g\000e\000t\000Q\000u\000i\000c\000k\000e\000r\000L\000i\000s\000t\000M\000a\000x\000B\000e\000t\000P}{subsection.8.2.3}% 206
\BOOKMARK [3][-]{subsubsection.8.2.3.55}{\376\377\000B\000F\000\137\000g\000e\000t\000Q\000u\000i\000c\000k\000e\000r\000L\000i\000s\000t\000M\000a\000x\000M\000a\000s\000s}{subsection.8.2.3}% 207
\BOOKMARK [3][-]{subsubsection.8.2.3.56}{\376\377\000B\000F\000\137\000g\000e\000t\000Q\000u\000i\000c\000k\000e\000r\000L\000i\000s\000t\000M\000a\000x\000P\000l}{subsection.8.2.3}% 208
\BOOKMARK [3][-]{subsubsection.8.2.3.57}{\376\377\000B\000F\000\137\000g\000e\000t\000Q\000u\000i\000c\000k\000e\000r\000L\000i\000s\000t\000M\000i\000n\000B\000e\000l}{subsection.8.2.3}% 209
\BOOKMARK [3][-]{subsubsection.8.2.3.58}{\376\377\000B\000F\000\137\000g\000e\000t\000Q\000u\000i\000c\000k\000e\000r\000L\000i\000s\000t\000M\000i\000n\000B\000e\000t\000P}{subsection.8.2.3}% 210
\BOOKMARK [3][-]{subsubsection.8.2.3.59}{\376\377\000B\000F\000\137\000g\000e\000t\000Q\000u\000i\000c\000k\000e\000r\000L\000i\000s\000t\000M\000i\000n\000M\000a\000s\000s}{subsection.8.2.3}% 211
\BOOKMARK [3][-]{subsubsection.8.2.3.60}{\376\377\000B\000F\000\137\000g\000e\000t\000Q\000u\000i\000c\000k\000e\000r\000L\000i\000s\000t\000M\000i\000n\000P\000l}{subsection.8.2.3}% 212
\BOOKMARK [3][-]{subsubsection.8.2.3.61}{\376\377\000B\000F\000\137\000g\000e\000t\000Q\000u\000i\000c\000k\000L\000i\000s\000t\000M\000a\000x\000B\000e\000l}{subsection.8.2.3}% 213
\BOOKMARK [3][-]{subsubsection.8.2.3.62}{\376\377\000B\000F\000\137\000g\000e\000t\000Q\000u\000i\000c\000k\000L\000i\000s\000t\000M\000a\000x\000B\000e\000t\000P}{subsection.8.2.3}% 214
\BOOKMARK [3][-]{subsubsection.8.2.3.63}{\376\377\000B\000F\000\137\000g\000e\000t\000Q\000u\000i\000c\000k\000L\000i\000s\000t\000M\000a\000x\000M\000a\000s\000s}{subsection.8.2.3}% 215
\BOOKMARK [3][-]{subsubsection.8.2.3.64}{\376\377\000B\000F\000\137\000g\000e\000t\000Q\000u\000i\000c\000k\000L\000i\000s\000t\000M\000a\000x\000P\000l}{subsection.8.2.3}% 216
\BOOKMARK [3][-]{subsubsection.8.2.3.65}{\376\377\000B\000F\000\137\000g\000e\000t\000Q\000u\000i\000c\000k\000L\000i\000s\000t\000M\000i\000n\000B\000e\000l}{subsection.8.2.3}% 217
\BOOKMARK [3][-]{subsubsection.8.2.3.66}{\376\377\000B\000F\000\137\000g\000e\000t\000Q\000u\000i\000c\000k\000L\000i\000s\000t\000M\000i\000n\000B\000e\000t\000P}{subsection.8.2.3}% 218
\BOOKMARK [3][-]{subsubsection.8.2.3.67}{\376\377\000B\000F\000\137\000g\000e\000t\000Q\000u\000i\000c\000k\000L\000i\000s\000t\000M\000i\000n\000M\000a\000s\000s}{subsection.8.2.3}% 219
\BOOKMARK [3][-]{subsubsection.8.2.3.68}{\376\377\000B\000F\000\137\000g\000e\000t\000Q\000u\000i\000c\000k\000L\000i\000s\000t\000M\000i\000n\000P\000l}{subsection.8.2.3}% 220
\BOOKMARK [3][-]{subsubsection.8.2.3.69}{\376\377\000B\000F\000\137\000g\000e\000t\000Q\000u\000i\000c\000k\000N\000b\000M\000a\000x\000B\000e\000l}{subsection.8.2.3}% 221
\BOOKMARK [3][-]{subsubsection.8.2.3.70}{\376\377\000B\000F\000\137\000g\000e\000t\000Q\000u\000i\000c\000k\000N\000b\000M\000a\000x\000B\000e\000t\000P}{subsection.8.2.3}% 222
\BOOKMARK [3][-]{subsubsection.8.2.3.71}{\376\377\000B\000F\000\137\000g\000e\000t\000Q\000u\000i\000c\000k\000N\000b\000M\000a\000x\000M\000a\000s\000s}{subsection.8.2.3}% 223
\BOOKMARK [3][-]{subsubsection.8.2.3.72}{\376\377\000B\000F\000\137\000g\000e\000t\000Q\000u\000i\000c\000k\000N\000b\000M\000a\000x\000P\000l}{subsection.8.2.3}% 224
\BOOKMARK [3][-]{subsubsection.8.2.3.73}{\376\377\000B\000F\000\137\000g\000e\000t\000Q\000u\000i\000c\000k\000N\000b\000M\000i\000n\000B\000e\000l}{subsection.8.2.3}% 225
\BOOKMARK [3][-]{subsubsection.8.2.3.74}{\376\377\000B\000F\000\137\000g\000e\000t\000Q\000u\000i\000c\000k\000N\000b\000M\000i\000n\000B\000e\000t\000P}{subsection.8.2.3}% 226
\BOOKMARK [3][-]{subsubsection.8.2.3.75}{\376\377\000B\000F\000\137\000g\000e\000t\000Q\000u\000i\000c\000k\000N\000b\000M\000i\000n\000M\000a\000s\000s}{subsection.8.2.3}% 227
\BOOKMARK [3][-]{subsubsection.8.2.3.76}{\376\377\000B\000F\000\137\000g\000e\000t\000Q\000u\000i\000c\000k\000N\000b\000M\000i\000n\000P\000l}{subsection.8.2.3}% 228
\BOOKMARK [3][-]{subsubsection.8.2.3.77}{\376\377\000B\000F\000\137\000g\000e\000t\000V\000a\000c\000u\000o\000u\000s\000B\000e\000l\000i\000e\000f\000F\000u\000n\000c\000t\000i\000o\000n}{subsection.8.2.3}% 229
\BOOKMARK [3][-]{subsubsection.8.2.3.78}{\376\377\000B\000F\000\137\000g\000l\000o\000b\000a\000l\000D\000i\000s\000t\000a\000n\000c\000e}{subsection.8.2.3}% 230
\BOOKMARK [3][-]{subsubsection.8.2.3.79}{\376\377\000B\000F\000\137\000M}{subsection.8.2.3}% 231
\BOOKMARK [3][-]{subsubsection.8.2.3.80}{\376\377\000B\000F\000\137\000M\000u\000r\000p\000h\000y\000C\000o\000m\000b\000i\000n\000a\000t\000i\000o\000n}{subsection.8.2.3}% 232
\BOOKMARK [3][-]{subsubsection.8.2.3.81}{\376\377\000B\000F\000\137\000n\000o\000n\000S\000p\000e\000c\000i\000f\000i\000c\000i\000t\000y}{subsection.8.2.3}% 233
\BOOKMARK [3][-]{subsubsection.8.2.3.82}{\376\377\000B\000F\000\137\000p\000l}{subsection.8.2.3}% 234
\BOOKMARK [3][-]{subsubsection.8.2.3.83}{\376\377\000B\000F\000\137\000q}{subsection.8.2.3}% 235
\BOOKMARK [3][-]{subsubsection.8.2.3.84}{\376\377\000B\000F\000\137\000s\000i\000m\000i\000l\000a\000r\000i\000t\000y}{subsection.8.2.3}% 236
\BOOKMARK [3][-]{subsubsection.8.2.3.85}{\376\377\000B\000F\000\137\000S\000m\000e\000t\000s\000C\000o\000m\000b\000i\000n\000a\000t\000i\000o\000n}{subsection.8.2.3}% 237
\BOOKMARK [3][-]{subsubsection.8.2.3.86}{\376\377\000B\000F\000\137\000s\000p\000e\000c\000i\000f\000i\000c\000i\000t\000y}{subsection.8.2.3}% 238
\BOOKMARK [3][-]{subsubsection.8.2.3.87}{\376\377\000B\000F\000\137\000s\000u\000p\000p\000o\000r\000t}{subsection.8.2.3}% 239
\BOOKMARK [3][-]{subsubsection.8.2.3.88}{\376\377\000B\000F\000\137\000w\000e\000a\000k\000e\000n\000i\000n\000g}{subsection.8.2.3}% 240
\BOOKMARK [3][-]{subsubsection.8.2.3.89}{\376\377\000B\000F\000\137\000Y\000a\000g\000e\000r\000C\000o\000m\000b\000i\000n\000a\000t\000i\000o\000n}{subsection.8.2.3}% 241
\BOOKMARK [1][-]{section.8.3}{\376\377\000B\000e\000l\000i\000e\000f\000s\000F\000r\000o\000m\000B\000e\000l\000i\000e\000f\000s\000.\000c\000\040\000F\000i\000l\000e\000\040\000R\000e\000f\000e\000r\000e\000n\000c\000e}{chapter.8}% 242
\BOOKMARK [2][-]{subsection.8.3.1}{\376\377\000D\000e\000t\000a\000i\000l\000e\000d\000\040\000D\000e\000s\000c\000r\000i\000p\000t\000i\000o\000n}{section.8.3}% 243
\BOOKMARK [2][-]{subsection.8.3.2}{\376\377\000I\000n\000t\000r\000o\000d\000u\000c\000t\000i\000o\000n}{section.8.3}% 244
\BOOKMARK [2][-]{subsection.8.3.3}{\376\377\000H\000o\000w\000\040\000t\000o\000\040\000u\000s\000e\000\040\000t\000h\000i\000s\000\040\000m\000o\000d\000u\000l\000e}{section.8.3}% 245
\BOOKMARK [2][-]{subsection.8.3.4}{\376\377\000F\000u\000n\000c\000t\000i\000o\000n\000\040\000D\000o\000c\000u\000m\000e\000n\000t\000a\000t\000i\000o\000n}{section.8.3}% 246
\BOOKMARK [3][-]{subsubsection.8.3.4.1}{\376\377\000B\000F\000B\000\137\000b\000e\000l\000i\000e\000f\000F\000r\000o\000m\000B\000e\000l\000i\000e\000f\000T\000o\000S\000t\000r\000i\000n\000g}{subsection.8.3.4}% 247
\BOOKMARK [3][-]{subsubsection.8.3.4.2}{\376\377\000B\000F\000B\000\137\000b\000e\000l\000i\000e\000f\000S\000t\000r\000u\000c\000t\000u\000r\000e\000T\000o\000S\000t\000r\000i\000n\000g}{subsection.8.3.4}% 248
\BOOKMARK [3][-]{subsubsection.8.3.4.3}{\376\377\000B\000F\000B\000\137\000b\000e\000l\000i\000e\000f\000V\000e\000c\000t\000o\000r\000T\000o\000S\000t\000r\000i\000n\000g}{subsection.8.3.4}% 249
\BOOKMARK [3][-]{subsubsection.8.3.4.4}{\376\377\000B\000F\000B\000\137\000b\000e\000l\000i\000e\000v\000e\000F\000r\000o\000m\000B\000e\000l\000i\000e\000f}{subsection.8.3.4}% 250
\BOOKMARK [3][-]{subsubsection.8.3.4.5}{\376\377\000B\000F\000B\000\137\000b\000e\000l\000i\000e\000v\000e\000F\000r\000o\000m\000B\000e\000l\000i\000e\000f\000s}{subsection.8.3.4}% 251
\BOOKMARK [3][-]{subsubsection.8.3.4.6}{\376\377\000B\000F\000B\000\137\000f\000r\000e\000e\000B\000e\000l\000i\000e\000f\000F\000r\000o\000m\000B\000e\000l\000i\000e\000f}{subsection.8.3.4}% 252
\BOOKMARK [3][-]{subsubsection.8.3.4.7}{\376\377\000B\000F\000B\000\137\000f\000r\000e\000e\000B\000e\000l\000i\000e\000f\000S\000t\000r\000u\000c\000t\000u\000r\000e}{subsection.8.3.4}% 253
\BOOKMARK [3][-]{subsubsection.8.3.4.8}{\376\377\000B\000F\000B\000\137\000f\000r\000e\000e\000B\000e\000l\000i\000e\000f\000V\000e\000c\000t\000o\000r}{subsection.8.3.4}% 254
\BOOKMARK [3][-]{subsubsection.8.3.4.9}{\376\377\000B\000F\000B\000\137\000l\000o\000a\000d\000B\000e\000l\000i\000e\000f\000F\000r\000o\000m\000B\000e\000l\000i\000e\000f}{subsection.8.3.4}% 255
\BOOKMARK [3][-]{subsubsection.8.3.4.10}{\376\377\000B\000F\000B\000\137\000l\000o\000a\000d\000B\000e\000l\000i\000e\000f\000S\000t\000r\000u\000c\000t\000u\000r\000e}{subsection.8.3.4}% 256
\BOOKMARK [3][-]{subsubsection.8.3.4.11}{\376\377\000B\000F\000B\000\137\000l\000o\000a\000d\000B\000e\000l\000i\000e\000f\000V\000e\000c\000t\000o\000r}{subsection.8.3.4}% 257
\BOOKMARK [1][-]{section.8.4}{\376\377\000B\000e\000l\000i\000e\000f\000s\000F\000r\000o\000m\000B\000e\000l\000i\000e\000f\000s\000.\000h\000\040\000F\000i\000l\000e\000\040\000R\000e\000f\000e\000r\000e\000n\000c\000e}{chapter.8}% 258
\BOOKMARK [2][-]{subsection.8.4.1}{\376\377\000D\000e\000t\000a\000i\000l\000e\000d\000\040\000D\000e\000s\000c\000r\000i\000p\000t\000i\000o\000n}{section.8.4}% 259
\BOOKMARK [2][-]{subsection.8.4.2}{\376\377\000I\000n\000t\000r\000o\000d\000u\000c\000t\000i\000o\000n}{section.8.4}% 260
\BOOKMARK [2][-]{subsection.8.4.3}{\376\377\000H\000o\000w\000\040\000t\000o\000\040\000u\000s\000e\000\040\000t\000h\000i\000s\000\040\000m\000o\000d\000u\000l\000e}{section.8.4}% 261
\BOOKMARK [2][-]{subsection.8.4.4}{\376\377\000D\000e\000f\000i\000n\000e\000\040\000D\000o\000c\000u\000m\000e\000n\000t\000a\000t\000i\000o\000n}{section.8.4}% 262
\BOOKMARK [3][-]{subsubsection.8.4.4.1}{\376\377\000B\000F\000B\000\137\000P\000A\000T\000H}{subsection.8.4.4}% 263
\BOOKMARK [3][-]{subsubsection.8.4.4.2}{\376\377\000B\000F\000B\000\137\000V\000A\000L\000U\000E\000S\000\137\000N\000A\000M\000E}{subsection.8.4.4}% 264
\BOOKMARK [2][-]{subsection.8.4.5}{\376\377\000F\000u\000n\000c\000t\000i\000o\000n\000\040\000D\000o\000c\000u\000m\000e\000n\000t\000a\000t\000i\000o\000n}{section.8.4}% 265
\BOOKMARK [3][-]{subsubsection.8.4.5.1}{\376\377\000B\000F\000B\000\137\000b\000e\000l\000i\000e\000f\000F\000r\000o\000m\000B\000e\000l\000i\000e\000f\000T\000o\000S\000t\000r\000i\000n\000g}{subsection.8.4.5}% 266
\BOOKMARK [3][-]{subsubsection.8.4.5.2}{\376\377\000B\000F\000B\000\137\000b\000e\000l\000i\000e\000f\000S\000t\000r\000u\000c\000t\000u\000r\000e\000T\000o\000S\000t\000r\000i\000n\000g}{subsection.8.4.5}% 267
\BOOKMARK [3][-]{subsubsection.8.4.5.3}{\376\377\000B\000F\000B\000\137\000b\000e\000l\000i\000e\000f\000V\000e\000c\000t\000o\000r\000T\000o\000S\000t\000r\000i\000n\000g}{subsection.8.4.5}% 268
\BOOKMARK [3][-]{subsubsection.8.4.5.4}{\376\377\000B\000F\000B\000\137\000b\000e\000l\000i\000e\000v\000e\000F\000r\000o\000m\000B\000e\000l\000i\000e\000f}{subsection.8.4.5}% 269
\BOOKMARK [3][-]{subsubsection.8.4.5.5}{\376\377\000B\000F\000B\000\137\000b\000e\000l\000i\000e\000v\000e\000F\000r\000o\000m\000B\000e\000l\000i\000e\000f\000s}{subsection.8.4.5}% 270
\BOOKMARK [3][-]{subsubsection.8.4.5.6}{\376\377\000B\000F\000B\000\137\000f\000r\000e\000e\000B\000e\000l\000i\000e\000f\000F\000r\000o\000m\000B\000e\000l\000i\000e\000f}{subsection.8.4.5}% 271
\BOOKMARK [3][-]{subsubsection.8.4.5.7}{\376\377\000B\000F\000B\000\137\000f\000r\000e\000e\000B\000e\000l\000i\000e\000f\000S\000t\000r\000u\000c\000t\000u\000r\000e}{subsection.8.4.5}% 272
\BOOKMARK [3][-]{subsubsection.8.4.5.8}{\376\377\000B\000F\000B\000\137\000f\000r\000e\000e\000B\000e\000l\000i\000e\000f\000V\000e\000c\000t\000o\000r}{subsection.8.4.5}% 273
\BOOKMARK [3][-]{subsubsection.8.4.5.9}{\376\377\000B\000F\000B\000\137\000l\000o\000a\000d\000B\000e\000l\000i\000e\000f\000F\000r\000o\000m\000B\000e\000l\000i\000e\000f}{subsection.8.4.5}% 274
\BOOKMARK [3][-]{subsubsection.8.4.5.10}{\376\377\000B\000F\000B\000\137\000l\000o\000a\000d\000B\000e\000l\000i\000e\000f\000S\000t\000r\000u\000c\000t\000u\000r\000e}{subsection.8.4.5}% 275
\BOOKMARK [3][-]{subsubsection.8.4.5.11}{\376\377\000B\000F\000B\000\137\000l\000o\000a\000d\000B\000e\000l\000i\000e\000f\000V\000e\000c\000t\000o\000r}{subsection.8.4.5}% 276
\BOOKMARK [1][-]{section.8.5}{\376\377\000B\000e\000l\000i\000e\000f\000s\000F\000r\000o\000m\000S\000e\000n\000s\000o\000r\000s\000.\000c\000\040\000F\000i\000l\000e\000\040\000R\000e\000f\000e\000r\000e\000n\000c\000e}{chapter.8}% 277
\BOOKMARK [2][-]{subsection.8.5.1}{\376\377\000D\000e\000t\000a\000i\000l\000e\000d\000\040\000D\000e\000s\000c\000r\000i\000p\000t\000i\000o\000n}{section.8.5}% 278
\BOOKMARK [2][-]{subsection.8.5.2}{\376\377\000I\000n\000t\000r\000o\000d\000u\000c\000t\000i\000o\000n}{section.8.5}% 279
\BOOKMARK [2][-]{subsection.8.5.3}{\376\377\000H\000o\000w\000\040\000t\000o\000\040\000u\000s\000e\000\040\000t\000h\000i\000s\000\040\000m\000o\000d\000u\000l\000e}{section.8.5}% 280
\BOOKMARK [2][-]{subsection.8.5.4}{\376\377\000F\000u\000n\000c\000t\000i\000o\000n\000\040\000D\000o\000c\000u\000m\000e\000n\000t\000a\000t\000i\000o\000n}{section.8.5}% 281
\BOOKMARK [3][-]{subsubsection.8.5.4.1}{\376\377\000B\000F\000S\000\137\000b\000e\000l\000i\000e\000f\000S\000t\000r\000u\000c\000t\000u\000r\000e\000T\000o\000S\000t\000r\000i\000n\000g}{subsection.8.5.4}% 282
\BOOKMARK [3][-]{subsubsection.8.5.4.2}{\376\377\000B\000F\000S\000\137\000f\000r\000e\000e\000B\000e\000l\000i\000e\000f\000S\000t\000r\000u\000c\000t\000u\000r\000e}{subsection.8.5.4}% 283
\BOOKMARK [3][-]{subsubsection.8.5.4.3}{\376\377\000B\000F\000S\000\137\000f\000r\000e\000e\000O\000p\000t\000i\000o\000n}{subsection.8.5.4}% 284
\BOOKMARK [3][-]{subsubsection.8.5.4.4}{\376\377\000B\000F\000S\000\137\000f\000r\000e\000e\000P\000a\000r\000t\000O\000f\000B\000e\000l\000i\000e\000f}{subsection.8.5.4}% 285
\BOOKMARK [3][-]{subsubsection.8.5.4.5}{\376\377\000B\000F\000S\000\137\000f\000r\000e\000e\000S\000e\000n\000s\000o\000r\000B\000e\000l\000i\000e\000f\000s}{subsection.8.5.4}% 286
\BOOKMARK [3][-]{subsubsection.8.5.4.6}{\376\377\000B\000F\000S\000\137\000g\000e\000t\000B\000e\000l\000i\000e\000f\000V\000a\000l\000u\000e}{subsection.8.5.4}% 287
\BOOKMARK [3][-]{subsubsection.8.5.4.7}{\376\377\000B\000F\000S\000\137\000g\000e\000t\000E\000v\000i\000d\000e\000n\000c\000e}{subsection.8.5.4}% 288
